10:01:19.379 [INFO] [org.springframework.web.context.ContextLoader] [main] Root WebApplicationContext: initialization started 
10:01:19.566 [INFO] [org.springframework.web.context.support.XmlWebApplicationContext] [main] Refreshing Root WebApplicationContext: startup date [Sat Aug 29 10:01:19 EEST 2015]; root of context hierarchy 
10:01:19.648 [INFO] [org.springframework.beans.factory.xml.XmlBeanDefinitionReader] [main] Loading XML bean definitions from ServletContext resource [/WEB-INF/spring.xml] 
10:01:20.298 [INFO] [org.springframework.web.context.ContextLoader] [main] Root WebApplicationContext: initialization completed in 883 ms 
10:01:20.462 [INFO] [org.springframework.web.servlet.DispatcherServlet] [main] FrameworkServlet 'dispatcher': initialization started 
10:01:20.468 [INFO] [org.springframework.web.context.support.XmlWebApplicationContext] [main] Refreshing WebApplicationContext for namespace 'dispatcher-servlet': startup date [Sat Aug 29 10:01:20 EEST 2015]; parent: Root WebApplicationContext 
10:01:20.470 [INFO] [org.springframework.beans.factory.xml.XmlBeanDefinitionReader] [main] Loading XML bean definitions from ServletContext resource [/WEB-INF/dispatcher-servlet.xml] 
10:01:21.383 [INFO] [org.springframework.beans.factory.config.PropertyPlaceholderConfigurer] [main] Loading properties file from ServletContext resource [/WEB-INF/db-properties.xml] 
10:01:21.557 [INFO] [org.springframework.jdbc.datasource.DriverManagerDataSource] [main] Loaded JDBC driver: org.postgresql.Driver 
10:01:21.725 [INFO] [org.springframework.orm.jpa.LocalContainerEntityManagerFactoryBean] [main] Building JPA container EntityManagerFactory for persistence unit 'default' 
10:01:21.780 [INFO] [org.hibernate.jpa.internal.util.LogHelper] [main] HHH000204: Processing PersistenceUnitInfo [
	name: default
	...] 
10:01:21.972 [INFO] [org.hibernate.Version] [main] HHH000412: Hibernate Core {4.3.8.Final} 
10:01:21.978 [INFO] [org.hibernate.cfg.Environment] [main] HHH000206: hibernate.properties not found 
10:01:21.981 [INFO] [org.hibernate.cfg.Environment] [main] HHH000021: Bytecode provider name : javassist 
10:01:23.046 [INFO] [org.hibernate.annotations.common.Version] [main] HCANN000001: Hibernate Commons Annotations {4.0.5.Final} 
10:01:24.211 [INFO] [org.hibernate.dialect.Dialect] [main] HHH000400: Using dialect: org.hibernate.dialect.PostgreSQL9Dialect 
10:01:24.244 [INFO] [org.hibernate.engine.jdbc.internal.LobCreatorBuilder] [main] HHH000424: Disabling contextual LOB creation as createClob() method threw error : java.lang.reflect.InvocationTargetException 
10:01:24.544 [INFO] [org.hibernate.hql.internal.ast.ASTQueryTranslatorFactory] [main] HHH000397: Using ASTQueryTranslatorFactory 
10:01:24.673 [INFO] [org.hibernate.validator.internal.util.Version] [main] HV000001: Hibernate Validator 5.1.3.Final 
10:01:25.774 [INFO] [org.hibernate.tool.hbm2ddl.SchemaUpdate] [main] HHH000228: Running hbm2ddl schema update 
10:01:25.775 [INFO] [org.hibernate.tool.hbm2ddl.SchemaUpdate] [main] HHH000102: Fetching database metadata 
10:01:25.853 [INFO] [org.hibernate.tool.hbm2ddl.SchemaUpdate] [main] HHH000396: Updating schema 
10:01:26.389 [INFO] [org.hibernate.tool.hbm2ddl.TableMetadata] [main] HHH000261: Table found: public.beacon 
10:01:26.389 [INFO] [org.hibernate.tool.hbm2ddl.TableMetadata] [main] HHH000037: Columns: [room_id, beacon_id, beacon_macaddr, corridor_pathpoint_id] 
10:01:26.389 [INFO] [org.hibernate.tool.hbm2ddl.TableMetadata] [main] HHH000108: Foreign keys: [beacon_corridor_pathpoint_id_fkey, beacon_room_id_fkey] 
10:01:26.390 [INFO] [org.hibernate.tool.hbm2ddl.TableMetadata] [main] HHH000126: Indexes: [beacon_beacon_macaddr_key, beacon_pkey] 
10:01:26.436 [INFO] [org.hibernate.tool.hbm2ddl.TableMetadata] [main] HHH000261: Table found: public.building 
10:01:26.436 [INFO] [org.hibernate.tool.hbm2ddl.TableMetadata] [main] HHH000037: Columns: [building_id, building_name] 
10:01:26.436 [INFO] [org.hibernate.tool.hbm2ddl.TableMetadata] [main] HHH000108: Foreign keys: [] 
10:01:26.437 [INFO] [org.hibernate.tool.hbm2ddl.TableMetadata] [main] HHH000126: Indexes: [building_pkey] 
10:01:26.479 [INFO] [org.hibernate.tool.hbm2ddl.TableMetadata] [main] HHH000261: Table found: public.floor 
10:01:26.480 [INFO] [org.hibernate.tool.hbm2ddl.TableMetadata] [main] HHH000037: Columns: [floor_name, building_id, floor_id, floor_number] 
10:01:26.480 [INFO] [org.hibernate.tool.hbm2ddl.TableMetadata] [main] HHH000108: Foreign keys: [floor_building_id_fkey] 
10:01:26.480 [INFO] [org.hibernate.tool.hbm2ddl.TableMetadata] [main] HHH000126: Indexes: [floor_pkey] 
10:01:26.523 [INFO] [org.hibernate.tool.hbm2ddl.TableMetadata] [main] HHH000261: Table found: public.path 
10:01:26.523 [INFO] [org.hibernate.tool.hbm2ddl.TableMetadata] [main] HHH000037: Columns: [pathpoint_id_start, pathpoint_id_end, path_id, path_handycap] 
10:01:26.523 [INFO] [org.hibernate.tool.hbm2ddl.TableMetadata] [main] HHH000108: Foreign keys: [path_pathpoint_id_start_fkey, path_pathpoint_id_end_fkey] 
10:01:26.523 [INFO] [org.hibernate.tool.hbm2ddl.TableMetadata] [main] HHH000126: Indexes: [path_pkey] 
10:01:26.572 [INFO] [org.hibernate.tool.hbm2ddl.TableMetadata] [main] HHH000261: Table found: public.pathpoint 
10:01:26.572 [INFO] [org.hibernate.tool.hbm2ddl.TableMetadata] [main] HHH000037: Columns: [pathpoint_id, pathpoint_name, pathpoint_location] 
10:01:26.572 [INFO] [org.hibernate.tool.hbm2ddl.TableMetadata] [main] HHH000108: Foreign keys: [] 
10:01:26.573 [INFO] [org.hibernate.tool.hbm2ddl.TableMetadata] [main] HHH000126: Indexes: [pathpoint_pkey] 
10:01:26.617 [INFO] [org.hibernate.tool.hbm2ddl.TableMetadata] [main] HHH000261: Table found: public.room 
10:01:26.618 [INFO] [org.hibernate.tool.hbm2ddl.TableMetadata] [main] HHH000037: Columns: [room_id, room_name, roomtype_id, room_number, floor_id] 
10:01:26.618 [INFO] [org.hibernate.tool.hbm2ddl.TableMetadata] [main] HHH000108: Foreign keys: [fk_5ngnwo8udxpw56ovfkxglvh4b, room_floor_id_fkey] 
10:01:26.618 [INFO] [org.hibernate.tool.hbm2ddl.TableMetadata] [main] HHH000126: Indexes: [room_pkey] 
10:01:26.663 [INFO] [org.hibernate.tool.hbm2ddl.TableMetadata] [main] HHH000261: Table found: public.roomtype 
10:01:26.663 [INFO] [org.hibernate.tool.hbm2ddl.TableMetadata] [main] HHH000037: Columns: [roomtype_name, roomtype_id] 
10:01:26.663 [INFO] [org.hibernate.tool.hbm2ddl.TableMetadata] [main] HHH000108: Foreign keys: [] 
10:01:26.663 [INFO] [org.hibernate.tool.hbm2ddl.TableMetadata] [main] HHH000126: Indexes: [roomtype_pkey] 
10:01:26.665 [INFO] [org.hibernate.tool.hbm2ddl.SchemaUpdate] [main] HHH000232: Schema update complete 
10:01:27.522 [INFO] [org.springframework.web.servlet.handler.SimpleUrlHandlerMapping] [main] Mapped URL path [/res/**] onto handler 'org.springframework.web.servlet.resource.ResourceHttpRequestHandler#0' 
10:01:28.511 [INFO] [org.springframework.web.servlet.mvc.method.annotation.RequestMappingHandlerMapping] [main] Mapped "{[/loader],methods=[GET],params=[],headers=[],consumes=[],produces=[],custom=[]}" onto public org.springframework.web.servlet.ModelAndView ee.lps.controller.BeaconController.loader() 
10:01:28.512 [INFO] [org.springframework.web.servlet.mvc.method.annotation.RequestMappingHandlerMapping] [main] Mapped "{[/beacon],methods=[GET],params=[],headers=[],consumes=[],produces=[],custom=[]}" onto public org.springframework.web.servlet.ModelAndView ee.lps.controller.BeaconController.getBeaconByMac(java.lang.String) 
10:01:28.515 [INFO] [org.springframework.web.servlet.mvc.method.annotation.RequestMappingHandlerMapping] [main] Mapped "{[/room/find],methods=[POST],params=[],headers=[],consumes=[application/json],produces=[application/json],custom=[]}" onto public ee.lps.util.Wrapper.ee.lps.util.Wrapper$WrappedObj<ee.lps.dto.UserPositionDTO> ee.lps.controller.NavigationController.findPositionNearRoom(java.util.List<ee.lps.dto.BeaconMeasurementDTO>) 
10:01:28.515 [INFO] [org.springframework.web.servlet.mvc.method.annotation.RequestMappingHandlerMapping] [main] Mapped "{[/rooms],methods=[GET],params=[],headers=[],consumes=[],produces=[application/json],custom=[]}" onto public java.util.List<ee.lps.dto.RoomDTO> ee.lps.controller.NavigationController.getRooms(java.lang.Long) 
10:01:28.517 [INFO] [org.springframework.web.servlet.mvc.method.annotation.RequestMappingHandlerMapping] [main] Mapped "{[/navigation],methods=[GET],params=[],headers=[],consumes=[],produces=[],custom=[]}" onto public org.springframework.web.servlet.ModelAndView ee.lps.controller.NavigationController.navigate(java.lang.Long) 
10:01:28.518 [INFO] [org.springframework.web.servlet.mvc.method.annotation.RequestMappingHandlerMapping] [main] Mapped "{[/guideline],methods=[GET],params=[],headers=[],consumes=[],produces=[application/json],custom=[]}" onto public ee.lps.util.Wrapper.ee.lps.util.Wrapper$WrappedObj<java.util.List> ee.lps.controller.NavigationController.getGuideline(java.lang.Long,java.lang.Long,java.lang.Boolean) 
10:01:29.243 [INFO] [org.springframework.web.servlet.mvc.method.annotation.RequestMappingHandlerAdapter] [main] Looking for @ControllerAdvice: WebApplicationContext for namespace 'dispatcher-servlet': startup date [Sat Aug 29 10:01:20 EEST 2015]; parent: Root WebApplicationContext 
10:01:29.338 [INFO] [org.springframework.web.servlet.mvc.method.annotation.RequestMappingHandlerAdapter] [main] Looking for @ControllerAdvice: WebApplicationContext for namespace 'dispatcher-servlet': startup date [Sat Aug 29 10:01:20 EEST 2015]; parent: Root WebApplicationContext 
10:01:29.548 [INFO] [org.springframework.web.servlet.DispatcherServlet] [main] FrameworkServlet 'dispatcher': initialization completed in 9086 ms 
10:01:56.588 [WARN] [org.springframework.web.servlet.PageNotFound] [542202332@qtp-294008652-1] No mapping found for HTTP request with URI [/lps/LOADER] in DispatcherServlet with name 'dispatcher' 
10:02:01.794 [WARN] [org.springframework.web.servlet.PageNotFound] [542202332@qtp-294008652-1] No mapping found for HTTP request with URI [/lps/LOADER] in DispatcherServlet with name 'dispatcher' 
